[ERR!] cwd  : C:\projects\TypeScript-and-Angular
[ERR!] os   : Windows_NT 6.3.9600
[ERR!] argv : "node" "C:\\Users\\Lior\\AppData\\Roaming\\npm\\node_modules\\tsd\\build\\cli.js" "init" "--save"
[ERR!] node : v0.12.0
[ERR!] tsd  : 0.6.5
[ERR!] Error: cannot overwrite file C:\projects\TypeScript-and-Angular\tsd.json
[ERR!] CODE : undefined
[ERR!] cannot overwrite file C:\projects\TypeScript-and-Angular\tsd.json
[ERR!] If you need help, you may report this error at:
    https://github.com/DefinitelyTyped/tsd/issues

[ERR!] 
VError: cannot overwrite file C:\projects\TypeScript-and-Angular\tsd.json
    at C:\Users\Lior\AppData\Roaming\npm\node_modules\tsd\build\tsd\logic\ConfigIO.js:22:27
    at tryCatch1 (C:\Users\Lior\AppData\Roaming\npm\node_modules\tsd\node_modules\bluebird\js\main\util.js:63:19)
    at Promise$_callHandler [as _callHandler] (C:\Users\Lior\AppData\Roaming\npm\node_modules\tsd\node_modules\bluebird\js\main\promise.js:695:13)
    at Promise$_settlePromiseFromHandler [as _settlePromiseFromHandler] (C:\Users\Lior\AppData\Roaming\npm\node_modules\tsd\node_modules\bluebird\js\main\promise.js:711:18)
    at Promise$_settlePromiseAt [as _settlePromiseAt] (C:\Users\Lior\AppData\Roaming\npm\node_modules\tsd\node_modules\bluebird\js\main\promise.js:868:14)
    at Promise$_settlePromises [as _settlePromises] (C:\Users\Lior\AppData\Roaming\npm\node_modules\tsd\node_modules\bluebird\js\main\promise.js:1006:14)
    at Async$_consumeFunctionBuffer [as _consumeFunctionBuffer] (C:\Users\Lior\AppData\Roaming\npm\node_modules\tsd\node_modules\bluebird\js\main\async.js:74:12)
    at Async$consumeFunctionBuffer (C:\Users\Lior\AppData\Roaming\npm\node_modules\tsd\node_modules\bluebird\js\main\async.js:37:14)
    at process._tickCallback (node.js:355:11)

[ERR!] tsd.json: {"version":"v4","repo":"borisyankov/DefinitelyTyped","ref":"master","path":"typings","bundle":"typings/tsd.d.ts","installed":{}}

[ERR!] .tsdrc could not be retrieved

[ERR!] Please include the following file with any support request:
    C:\projects\TypeScript-and-Angular\tsd-debug.log

